<?xml version="1.0" encoding="UTF-8"?>
<!-- Generated by org.testng.reporters.JUnitReportReporter -->
<testsuite skipped="0" hostname="in-madhurvk-1" name="com.apd.inteliserve.sanity.Outages" tests="1" failures="0" timestamp="06 Jan 2020 07:58:05 GMT" time="16.506" errors="0">
  <testcase name="outagesTest" time="16.506" classname="com.apd.inteliserve.sanity.Outages"/>
</testsuite> <!-- com.apd.inteliserve.sanity.Outages -->
