<?xml version="1.0" encoding="UTF-8"?>
<!-- Generated by org.testng.reporters.JUnitReportReporter -->
<testsuite skipped="0" hostname="in-madhurvk-1" name="com.apd.inteliserve.sanity.CreateTicket" tests="1" failures="0" timestamp="06 Jan 2020 06:10:33 GMT" time="20.295" errors="0">
  <testcase name="createTicket" time="20.295" classname="com.apd.inteliserve.sanity.CreateTicket"/>
</testsuite> <!-- com.apd.inteliserve.sanity.CreateTicket -->
