<?xml version="1.0" encoding="UTF-8"?>
<!-- Generated by org.testng.reporters.JUnitReportReporter -->
<testsuite skipped="0" hostname="in-madhurvk-1" name="com.apd.inteliserve.sanity.ScheduleContact" tests="1" failures="0" timestamp="04 Jan 2020 12:40:35 GMT" time="193.091" errors="0">
  <testcase name="scheduleContact" time="193.091" classname="com.apd.inteliserve.sanity.ScheduleContact"/>
</testsuite> <!-- com.apd.inteliserve.sanity.ScheduleContact -->
