<?xml version="1.0" encoding="UTF-8"?>
<!-- Generated by org.testng.reporters.JUnitReportReporter -->
<testsuite skipped="0" hostname="in-madhurvk-1" name="com.apd.inteliserve.sanity.Home" tests="1" failures="0" timestamp="06 Jan 2020 08:24:10 GMT" time="91.826" errors="0">
  <testcase name="homePageTest" time="91.826" classname="com.apd.inteliserve.sanity.Home"/>
</testsuite> <!-- com.apd.inteliserve.sanity.Home -->
