<?xml version="1.0" encoding="UTF-8"?>
<!-- Generated by org.testng.reporters.JUnitReportReporter -->
<testsuite skipped="0" hostname="in-madhurvk-1" name="com.apd.inteliserve.sanity.SuiteRun" tests="1" failures="0" timestamp="14 Jan 2020 07:48:02 GMT" time="1.625" errors="0">
  <testcase name="suiteRun" time="1.625" classname="com.apd.inteliserve.sanity.SuiteRun"/>
</testsuite> <!-- com.apd.inteliserve.sanity.SuiteRun -->
