<?xml version="1.0" encoding="UTF-8"?>
<!-- Generated by org.testng.reporters.JUnitReportReporter -->
<testsuite skipped="0" hostname="in-madhurvk-1" name="com.apd.inteliserve.sanity.SuiteRun" tests="1" failures="0" timestamp="06 Jan 2020 09:34:00 GMT" time="1.433" errors="0">
  <testcase name="suiteRun" time="1.433" classname="com.apd.inteliserve.sanity.SuiteRun"/>
</testsuite> <!-- com.apd.inteliserve.sanity.SuiteRun -->
