<?xml version="1.0" encoding="UTF-8"?>
<!-- Generated by org.testng.reporters.JUnitReportReporter -->
<testsuite skipped="0" hostname="in-madhurvk-1" name="com.apd.inteliserve.sanity.CallAnAgent" tests="1" failures="0" timestamp="06 Jan 2020 06:10:33 GMT" time="12.403" errors="0">
  <testcase name="callAgent" time="12.403" classname="com.apd.inteliserve.sanity.CallAnAgent"/>
</testsuite> <!-- com.apd.inteliserve.sanity.CallAnAgent -->
